[2024-06-24T15:51:52.093Z] INFO 
        Request received:
        Method: GET
        URL: /sse/notifications?user_id=1
        Headers: {
  "host": "localhost:4001",
  "connection": "keep-alive",
  "sec-ch-ua": "\"Google Chrome\";v=\"125\", \"Chromium\";v=\"125\", \"Not.A/Brand\";v=\"24\"",
  "accept": "text/event-stream",
  "cache-control": "no-cache",
  "sec-ch-ua-mobile": "?0",
  "user-agent": "Mozilla/5.0 (X11; Linux x86_64) AppleWebKit/537.36 (KHTML, like Gecko) Chrome/125.0.0.0 Safari/537.36",
  "sec-ch-ua-platform": "\"Linux\"",
  "origin": "http://localhost:3000",
  "sec-fetch-site": "same-site",
  "sec-fetch-mode": "cors",
  "sec-fetch-dest": "empty",
  "referer": "http://localhost:3000/",
  "accept-encoding": "gzip, deflate, br, zstd",
  "accept-language": "en-US,en;q=0.9"
}
        Query Parameters: {
  "user_id": "1"
}
        Body: {}
    
[2024-06-24T15:52:08.922Z] INFO 
        Request received:
        Method: POST
        URL: /sse/notifications
        Headers: {
  "host": "localhost:4001",
  "accept": "*/*",
  "content-type": "application/json",
  "content-length": "124"
}
        Query Parameters: {}
        Body: {
  "notificationType": "retweet",
  "id": 1,
  "notifiedUserId": 1,
  "entityId": 25,
  "isConfirmed": false,
  "createdAt": "2024-06-24 15:52:08"
}
    
[2024-06-24T15:52:08.925Z] INFO 
      Response sent:
      Status Code: 200
      Status Message: OK
      Headers: {
  "x-powered-by": "Express",
  "content-type": "text/plain; charset=utf-8",
  "content-length": "2",
  "etag": "W/\"2-nOO9QiTIwXgNtWtBJezz8kv3SLc\""
}
    
[2024-06-24T15:52:08.928Z] INFO Message received from notification:1 channel: {"notificationType":"retweet","id":1,"notifiedUserId":1,"entityId":25,"isConfirmed":false,"createdAt":"2024-06-24 15:52:08"}
[2024-06-24T15:52:13.410Z] INFO 
      Response sent:
      Status Code: 200
      Status Message: OK
      Headers: {
  "x-powered-by": "Express",
  "content-type": "text/event-stream",
  "cache-control": "no-cache",
  "connection": "keep-alive",
  "access-control-allow-origin": "*",
  "access-control-allow-credentials": "true"
}
    
[2024-06-24T15:52:13.411Z] INFO Client disconnected from /sse/notifications: undefined
[2024-06-24T15:52:14.034Z] INFO 
        Request received:
        Method: GET
        URL: /sse/notifications?user_id=1
        Headers: {
  "host": "localhost:4001",
  "connection": "keep-alive",
  "sec-ch-ua": "\"Google Chrome\";v=\"125\", \"Chromium\";v=\"125\", \"Not.A/Brand\";v=\"24\"",
  "accept": "text/event-stream",
  "cache-control": "no-cache",
  "sec-ch-ua-mobile": "?0",
  "user-agent": "Mozilla/5.0 (X11; Linux x86_64) AppleWebKit/537.36 (KHTML, like Gecko) Chrome/125.0.0.0 Safari/537.36",
  "sec-ch-ua-platform": "\"Linux\"",
  "origin": "http://localhost:3000",
  "sec-fetch-site": "same-site",
  "sec-fetch-mode": "cors",
  "sec-fetch-dest": "empty",
  "referer": "http://localhost:3000/",
  "accept-encoding": "gzip, deflate, br, zstd",
  "accept-language": "en-US,en;q=0.9"
}
        Query Parameters: {
  "user_id": "1"
}
        Body: {}
    
[2024-06-24T15:52:14.460Z] INFO 
        Request received:
        Method: GET
        URL: /sse/notifications?user_id=1
        Headers: {
  "host": "localhost:4001",
  "connection": "keep-alive",
  "sec-ch-ua": "\"Google Chrome\";v=\"125\", \"Chromium\";v=\"125\", \"Not.A/Brand\";v=\"24\"",
  "accept": "text/event-stream",
  "cache-control": "no-cache",
  "sec-ch-ua-mobile": "?0",
  "user-agent": "Mozilla/5.0 (X11; Linux x86_64) AppleWebKit/537.36 (KHTML, like Gecko) Chrome/125.0.0.0 Safari/537.36",
  "sec-ch-ua-platform": "\"Linux\"",
  "origin": "http://localhost:3000",
  "sec-fetch-site": "same-site",
  "sec-fetch-mode": "cors",
  "sec-fetch-dest": "empty",
  "referer": "http://localhost:3000/",
  "accept-encoding": "gzip, deflate, br, zstd",
  "accept-language": "en-US,en;q=0.9"
}
        Query Parameters: {
  "user_id": "1"
}
        Body: {}
    
[2024-06-24T15:52:16.725Z] INFO 
      Response sent:
      Status Code: 200
      Status Message: OK
      Headers: {
  "x-powered-by": "Express",
  "content-type": "text/event-stream",
  "cache-control": "no-cache",
  "connection": "keep-alive",
  "access-control-allow-origin": "*",
  "access-control-allow-credentials": "true"
}
    
[2024-06-24T15:52:16.725Z] INFO Client disconnected from /sse/notifications: undefined
[2024-06-24T15:52:16.726Z] INFO 
      Response sent:
      Status Code: 200
      Status Message: OK
      Headers: {
  "x-powered-by": "Express",
  "content-type": "text/event-stream",
  "cache-control": "no-cache",
  "connection": "keep-alive",
  "access-control-allow-origin": "*",
  "access-control-allow-credentials": "true"
}
    
[2024-06-24T15:52:16.726Z] INFO Client disconnected from /sse/notifications: undefined
[2024-06-24T15:52:17.650Z] INFO 
        Request received:
        Method: GET
        URL: /sse/notifications?user_id=1
        Headers: {
  "host": "localhost:4001",
  "connection": "keep-alive",
  "sec-ch-ua": "\"Google Chrome\";v=\"125\", \"Chromium\";v=\"125\", \"Not.A/Brand\";v=\"24\"",
  "accept": "text/event-stream",
  "cache-control": "no-cache",
  "sec-ch-ua-mobile": "?0",
  "user-agent": "Mozilla/5.0 (X11; Linux x86_64) AppleWebKit/537.36 (KHTML, like Gecko) Chrome/125.0.0.0 Safari/537.36",
  "sec-ch-ua-platform": "\"Linux\"",
  "origin": "http://localhost:3000",
  "sec-fetch-site": "same-site",
  "sec-fetch-mode": "cors",
  "sec-fetch-dest": "empty",
  "referer": "http://localhost:3000/",
  "accept-encoding": "gzip, deflate, br, zstd",
  "accept-language": "en-US,en;q=0.9"
}
        Query Parameters: {
  "user_id": "1"
}
        Body: {}
    
